[I 2025-11-21 16:29:04,702] A new study created in memory with name: no-name-017bd9ef-82e8-44b0-a020-52080c256cee
C:\Users\49757884\AppData\Local\Temp\ipykernel_39404\911689081.py:18: FutureWarning: suggest_loguniform has been deprecated in v3.0.0. This feature will be removed in v6.0.0. See https://github.com/optuna/optuna/releases/tag/v3.0.0. Use suggest_float(..., log=True) instead.
  lr      = trial.suggest_loguniform("lr", 1e-5, 1e-2)
[I 2025-11-21 18:14:51,491] Trial 0 finished with value: 18.300670623779297 and parameters: {'d_model': 64, 'n_heads': 1, 'd_ff_factor': 2, 'dropout': 0.1313044221823124, 'batch': 8, 'lr': 2.7975295041621538e-05, 'clip_max': 5.0}. Best is trial 0 with value: 18.300670623779297.
[I 2025-11-21 20:10:39,017] Trial 1 finished with value: 15.911751747131348 and parameters: {'d_model': 16, 'n_heads': 8, 'd_ff_factor': 4, 'dropout': 0.09298183609469483, 'batch': 8, 'lr': 8.151323648516098e-05, 'clip_max': 1.0}. Best is trial 1 with value: 15.911751747131348.
[I 2025-11-21 20:40:37,936] Trial 2 finished with value: 19.592376708984375 and parameters: {'d_model': 16, 'n_heads': 1, 'd_ff_factor': 4, 'dropout': 0.2383925586376161, 'batch': 32, 'lr': 0.0001389438978264867, 'clip_max': 1.0}. Best is trial 1 with value: 15.911751747131348.
[I 2025-11-21 21:06:07,250] Trial 3 finished with value: 7.017325401306152 and parameters: {'d_model': 128, 'n_heads': 4, 'd_ff_factor': 4, 'dropout': 0.01969279475696931, 'batch': 16, 'lr': 0.0021290570158723726, 'clip_max': 1.0}. Best is trial 3 with value: 7.017325401306152.
[I 2025-11-21 21:39:41,162] Trial 4 finished with value: 4.52186918258667 and parameters: {'d_model': 128, 'n_heads': 8, 'd_ff_factor': 2, 'dropout': 0.18633061426334224, 'batch': 16, 'lr': 0.0001642566323370874, 'clip_max': 1.0}. Best is trial 4 with value: 4.52186918258667.
[I 2025-11-21 21:54:54,194] Trial 5 finished with value: 20.37921714782715 and parameters: {'d_model': 16, 'n_heads': 1, 'd_ff_factor': 4, 'dropout': 0.10506010550725715, 'batch': 64, 'lr': 8.593535113463994e-05, 'clip_max': 5.0}. Best is trial 4 with value: 4.52186918258667.
[I 2025-11-21 22:10:04,385] Trial 6 finished with value: 18.617271423339844 and parameters: {'d_model': 64, 'n_heads': 1, 'd_ff_factor': 4, 'dropout': 0.034277401451009805, 'batch': 64, 'lr': 2.309014269270478e-05, 'clip_max': 5.0}. Best is trial 4 with value: 4.52186918258667.
[I 2025-11-21 22:58:42,020] Trial 7 finished with value: 3.46066951751709 and parameters: {'d_model': 32, 'n_heads': 1, 'd_ff_factor': 2, 'dropout': 0.03860326731524467, 'batch': 16, 'lr': 0.0006046650228040308, 'clip_max': 5.0}. Best is trial 7 with value: 3.46066951751709.
[I 2025-11-22 00:37:42,693] Trial 8 finished with value: 8.757848739624023 and parameters: {'d_model': 16, 'n_heads': 2, 'd_ff_factor': 4, 'dropout': 0.2317432785944386, 'batch': 8, 'lr': 0.0008322734818229245, 'clip_max': 1.0}. Best is trial 7 with value: 3.46066951751709.
[I 2025-11-22 01:25:43,339] Trial 9 finished with value: 15.343355178833008 and parameters: {'d_model': 64, 'n_heads': 2, 'd_ff_factor': 2, 'dropout': 0.03424139752174062, 'batch': 8, 'lr': 0.0037378703532946938, 'clip_max': 5.0}. Best is trial 7 with value: 3.46066951751709.
[I 2025-11-22 02:21:42,454] Trial 10 finished with value: 6.086277008056641 and parameters: {'d_model': 32, 'n_heads': 4, 'd_ff_factor': 2, 'dropout': 0.2987232707131874, 'batch': 16, 'lr': 0.0006505940541414006, 'clip_max': 5.0}. Best is trial 7 with value: 3.46066951751709.
[I 2025-11-22 02:32:45,830] Trial 11 finished with value: 18.801965713500977 and parameters: {'d_model': 32, 'n_heads': 8, 'd_ff_factor': 2, 'dropout': 0.17264002511462745, 'batch': 16, 'lr': 0.0003324789179158263, 'clip_max': 1.0}. Best is trial 7 with value: 3.46066951751709.
[I 2025-11-22 03:01:13,196] Trial 12 finished with value: 20.643007278442383 and parameters: {'d_model': 128, 'n_heads': 8, 'd_ff_factor': 2, 'dropout': 0.18125005997644736, 'batch': 16, 'lr': 0.007837284328797645, 'clip_max': 5.0}. Best is trial 7 with value: 3.46066951751709.
[I 2025-11-22 03:42:32,597] Trial 13 finished with value: 4.8470778465271 and parameters: {'d_model': 32, 'n_heads': 8, 'd_ff_factor': 2, 'dropout': 0.08391775144500585, 'batch': 16, 'lr': 0.00025100067174900145, 'clip_max': 1.0}. Best is trial 7 with value: 3.46066951751709.
[I 2025-11-22 03:50:49,020] Trial 14 finished with value: 5.389037609100342 and parameters: {'d_model': 128, 'n_heads': 1, 'd_ff_factor': 2, 'dropout': 0.20934507114130743, 'batch': 32, 'lr': 0.0008012636826437553, 'clip_max': 1.0}. Best is trial 7 with value: 3.46066951751709.
[I 2025-11-22 04:50:13,090] Trial 15 finished with value: 14.75279426574707 and parameters: {'d_model': 128, 'n_heads': 8, 'd_ff_factor': 2, 'dropout': 0.14336766680346208, 'batch': 16, 'lr': 1.1482993411297635e-05, 'clip_max': 5.0}. Best is trial 7 with value: 3.46066951751709.
[I 2025-11-22 05:44:50,993] Trial 16 finished with value: 3.694369077682495 and parameters: {'d_model': 32, 'n_heads': 2, 'd_ff_factor': 2, 'dropout': 0.06438626318043272, 'batch': 16, 'lr': 0.0002954457770827776, 'clip_max': 5.0}. Best is trial 7 with value: 3.46066951751709.
[I 2025-11-22 06:07:01,929] Trial 17 finished with value: 8.00316333770752 and parameters: {'d_model': 32, 'n_heads': 2, 'd_ff_factor': 2, 'dropout': 0.059857986979532304, 'batch': 16, 'lr': 0.00214031080551379, 'clip_max': 5.0}. Best is trial 7 with value: 3.46066951751709.
[I 2025-11-22 06:36:30,662] Trial 18 finished with value: 3.820470094680786 and parameters: {'d_model': 32, 'n_heads': 2, 'd_ff_factor': 2, 'dropout': 0.060839035613108036, 'batch': 32, 'lr': 0.0004246577677364064, 'clip_max': 5.0}. Best is trial 7 with value: 3.46066951751709.
[I 2025-11-22 06:49:34,979] Trial 19 finished with value: 3.033311605453491 and parameters: {'d_model': 32, 'n_heads': 2, 'd_ff_factor': 2, 'dropout': 0.00757035360157508, 'batch': 64, 'lr': 0.0015001650728817713, 'clip_max': 5.0}. Best is trial 19 with value: 3.033311605453491.
[I 2025-11-22 07:00:22,610] Trial 20 finished with value: 2.8725178241729736 and parameters: {'d_model': 32, 'n_heads': 4, 'd_ff_factor': 2, 'dropout': 0.004462365241455352, 'batch': 64, 'lr': 0.0018145943745121727, 'clip_max': 5.0}. Best is trial 20 with value: 2.8725178241729736.
[I 2025-11-22 07:10:24,628] Trial 21 finished with value: 3.4967899322509766 and parameters: {'d_model': 32, 'n_heads': 4, 'd_ff_factor': 2, 'dropout': 0.001385940021632736, 'batch': 64, 'lr': 0.001731007000049149, 'clip_max': 5.0}. Best is trial 20 with value: 2.8725178241729736.
[I 2025-11-22 07:22:14,158] Trial 22 finished with value: 3.7044904232025146 and parameters: {'d_model': 32, 'n_heads': 4, 'd_ff_factor': 2, 'dropout': 0.0011555113007145562, 'batch': 64, 'lr': 0.00581685906894448, 'clip_max': 5.0}. Best is trial 20 with value: 2.8725178241729736.
[I 2025-11-22 07:36:31,467] Trial 23 finished with value: 2.9411797523498535 and parameters: {'d_model': 32, 'n_heads': 4, 'd_ff_factor': 2, 'dropout': 0.033566452162681594, 'batch': 64, 'lr': 0.0010324735336229008, 'clip_max': 5.0}. Best is trial 20 with value: 2.8725178241729736.
[I 2025-11-22 07:51:49,861] Trial 24 finished with value: 3.3430848121643066 and parameters: {'d_model': 32, 'n_heads': 4, 'd_ff_factor': 2, 'dropout': 0.001009361085709982, 'batch': 64, 'lr': 0.0013319341845276376, 'clip_max': 5.0}. Best is trial 20 with value: 2.8725178241729736.
[I 2025-11-22 08:00:56,797] Trial 25 finished with value: 4.868143558502197 and parameters: {'d_model': 32, 'n_heads': 4, 'd_ff_factor': 2, 'dropout': 0.11871113737327493, 'batch': 64, 'lr': 0.003794719277507089, 'clip_max': 5.0}. Best is trial 20 with value: 2.8725178241729736.
[I 2025-11-22 08:15:38,843] Trial 26 finished with value: 2.810850143432617 and parameters: {'d_model': 32, 'n_heads': 4, 'd_ff_factor': 2, 'dropout': 0.02559593913781392, 'batch': 64, 'lr': 0.0012196158058022967, 'clip_max': 5.0}. Best is trial 26 with value: 2.810850143432617.
[I 2025-11-22 08:27:25,125] Trial 27 finished with value: 3.3785388469696045 and parameters: {'d_model': 32, 'n_heads': 4, 'd_ff_factor': 2, 'dropout': 0.07267094460287657, 'batch': 64, 'lr': 0.0033829123179646282, 'clip_max': 5.0}. Best is trial 26 with value: 2.810850143432617.
[I 2025-11-22 08:38:47,970] Trial 28 finished with value: 3.0450799465179443 and parameters: {'d_model': 32, 'n_heads': 4, 'd_ff_factor': 2, 'dropout': 0.04902495378069675, 'batch': 64, 'lr': 0.0011163935035372564, 'clip_max': 5.0}. Best is trial 26 with value: 2.810850143432617.
[I 2025-11-22 08:47:01,955] Trial 29 finished with value: 3.423597812652588 and parameters: {'d_model': 64, 'n_heads': 4, 'd_ff_factor': 2, 'dropout': 0.019850808454915107, 'batch': 64, 'lr': 0.0025474984727878853, 'clip_max': 5.0}. Best is trial 26 with value: 2.810850143432617.
[I 2025-11-22 08:49:30,111] Trial 30 finished with value: 18.168888092041016 and parameters: {'d_model': 64, 'n_heads': 4, 'd_ff_factor': 2, 'dropout': 0.11739870603001953, 'batch': 64, 'lr': 0.0066359613022681655, 'clip_max': 5.0}. Best is trial 26 with value: 2.810850143432617.
[I 2025-11-22 09:04:39,574] Trial 31 finished with value: 3.717529058456421 and parameters: {'d_model': 32, 'n_heads': 4, 'd_ff_factor': 2, 'dropout': 0.024627622811048376, 'batch': 64, 'lr': 0.0013436534837511882, 'clip_max': 5.0}. Best is trial 26 with value: 2.810850143432617.
[I 2025-11-22 09:18:01,167] Trial 32 finished with value: 8.418062210083008 and parameters: {'d_model': 32, 'n_heads': 2, 'd_ff_factor': 2, 'dropout': 0.016482853000312873, 'batch': 64, 'lr': 0.0005233993948273047, 'clip_max': 5.0}. Best is trial 26 with value: 2.810850143432617.
[I 2025-11-22 09:33:26,190] Trial 33 finished with value: 3.9358034133911133 and parameters: {'d_model': 32, 'n_heads': 4, 'd_ff_factor': 2, 'dropout': 0.04951702125830745, 'batch': 64, 'lr': 0.0011195930579825347, 'clip_max': 5.0}. Best is trial 26 with value: 2.810850143432617.
[I 2025-11-22 09:47:16,517] Trial 34 finished with value: 5.048977851867676 and parameters: {'d_model': 16, 'n_heads': 4, 'd_ff_factor': 4, 'dropout': 0.0926830906359515, 'batch': 64, 'lr': 0.0027251070307462984, 'clip_max': 5.0}. Best is trial 26 with value: 2.810850143432617.
[I 2025-11-22 11:07:56,671] Trial 35 finished with value: 4.004895210266113 and parameters: {'d_model': 32, 'n_heads': 2, 'd_ff_factor': 2, 'dropout': 0.018972458806927675, 'batch': 8, 'lr': 0.0016987434867102875, 'clip_max': 5.0}. Best is trial 26 with value: 2.810850143432617.
[I 2025-11-22 11:27:38,219] Trial 36 finished with value: 3.892157793045044 and parameters: {'d_model': 32, 'n_heads': 4, 'd_ff_factor': 4, 'dropout': 0.041017295956795784, 'batch': 32, 'lr': 0.004536731065462739, 'clip_max': 5.0}. Best is trial 26 with value: 2.810850143432617.
[I 2025-11-22 11:38:15,004] Trial 37 finished with value: 17.812929153442383 and parameters: {'d_model': 16, 'n_heads': 4, 'd_ff_factor': 2, 'dropout': 0.08023021416044517, 'batch': 64, 'lr': 0.0001674283655938341, 'clip_max': 5.0}. Best is trial 26 with value: 2.810850143432617.
[I 2025-11-22 11:50:43,010] Trial 38 finished with value: 3.301788091659546 and parameters: {'d_model': 32, 'n_heads': 2, 'd_ff_factor': 4, 'dropout': 0.014491526153628665, 'batch': 64, 'lr': 0.0008918324652320697, 'clip_max': 1.0}. Best is trial 26 with value: 2.810850143432617.
[I 2025-11-22 12:04:57,110] Trial 39 finished with value: 17.032899856567383 and parameters: {'d_model': 32, 'n_heads': 1, 'd_ff_factor': 2, 'dropout': 0.031030880929356783, 'batch': 64, 'lr': 9.105810438599187e-05, 'clip_max': 5.0}. Best is trial 26 with value: 2.810850143432617.
[I 2025-11-22 13:26:45,219] Trial 40 finished with value: 3.343905448913574 and parameters: {'d_model': 64, 'n_heads': 4, 'd_ff_factor': 4, 'dropout': 0.05213165595993374, 'batch': 8, 'lr': 0.001729748931420908, 'clip_max': 5.0}. Best is trial 26 with value: 2.810850143432617.
[I 2025-11-22 13:38:39,045] Trial 41 finished with value: 3.5820679664611816 and parameters: {'d_model': 32, 'n_heads': 4, 'd_ff_factor': 2, 'dropout': 0.045106798477468645, 'batch': 64, 'lr': 0.0010506202723498963, 'clip_max': 5.0}. Best is trial 26 with value: 2.810850143432617.
[I 2025-11-22 13:47:34,628] Trial 42 finished with value: 9.504274368286133 and parameters: {'d_model': 32, 'n_heads': 4, 'd_ff_factor': 2, 'dropout': 0.014637462061923864, 'batch': 64, 'lr': 0.0004313599141602363, 'clip_max': 5.0}. Best is trial 26 with value: 2.810850143432617.
[I 2025-11-22 14:02:27,523] Trial 43 finished with value: 5.211916446685791 and parameters: {'d_model': 32, 'n_heads': 4, 'd_ff_factor': 2, 'dropout': 0.03316243853885355, 'batch': 64, 'lr': 0.0006740326701105172, 'clip_max': 5.0}. Best is trial 26 with value: 2.810850143432617.
[I 2025-11-22 14:16:57,308] Trial 44 finished with value: 5.345116138458252 and parameters: {'d_model': 16, 'n_heads': 4, 'd_ff_factor': 2, 'dropout': 0.0006523234728559868, 'batch': 64, 'lr': 0.0013517233318900356, 'clip_max': 5.0}. Best is trial 26 with value: 2.810850143432617.
[I 2025-11-22 14:27:56,246] Trial 45 finished with value: 4.722498893737793 and parameters: {'d_model': 32, 'n_heads': 4, 'd_ff_factor': 2, 'dropout': 0.10686875753498173, 'batch': 64, 'lr': 0.0019580836846576416, 'clip_max': 1.0}. Best is trial 26 with value: 2.810850143432617.
[I 2025-11-22 14:43:56,531] Trial 46 finished with value: 11.838080406188965 and parameters: {'d_model': 128, 'n_heads': 1, 'd_ff_factor': 2, 'dropout': 0.2646748007871197, 'batch': 32, 'lr': 0.002720793779025086, 'clip_max': 5.0}. Best is trial 26 with value: 2.810850143432617.
[I 2025-11-22 14:58:08,287] Trial 47 finished with value: 11.391568183898926 and parameters: {'d_model': 32, 'n_heads': 2, 'd_ff_factor': 2, 'dropout': 0.06798830084146351, 'batch': 64, 'lr': 0.00021303694830382387, 'clip_max': 5.0}. Best is trial 26 with value: 2.810850143432617.
[I 2025-11-22 15:13:41,304] Trial 48 finished with value: 3.6110904216766357 and parameters: {'d_model': 32, 'n_heads': 8, 'd_ff_factor': 4, 'dropout': 0.051419179814863644, 'batch': 64, 'lr': 0.0008899881653969343, 'clip_max': 1.0}. Best is trial 26 with value: 2.810850143432617.